<?xml version="1.0" encoding="UTF-8"?>
<testsuite xmlns:xsi="http://www.w3.org/2001/XMLSchema-instance" xsi:noNamespaceSchemaLocation="https://maven.apache.org/surefire/maven-surefire-plugin/xsd/surefire-test-report.xsd" version="3.0.2" name="TestSuite" time="80486.125" tests="42" errors="0" skipped="0" failures="6">
  <properties>
[...]
</properties>
  <testcase name="runScenario[&quot;Verify Stock Search Functionality&quot;, &quot;Yahoo Finance Stock Search and Validation&quot;](1)" classname="com.yahoo.runners.TestRunnerYahoo" time="74.017"/>
  <testcase name="runScenario[&quot;Verify Stock Search Functionality&quot;, &quot;Yahoo Finance Stock Search and Validation&quot;](2)" classname="com.yahoo.runners.TestRunnerYahoo" time="74.352"/>
  <testcase name="runScenario[&quot;Verify Stock Search Functionality&quot;, &quot;Yahoo Finance Stock Search and Validation&quot;](3)" classname="com.yahoo.runners.TestRunnerYahoo" time="73.748"/>
  <testcase name="runScenario[&quot;Verify Stock Search Functionality&quot;, &quot;Yahoo Finance Stock Search and Validation&quot;](4)" classname="com.yahoo.runners.TestRunnerYahoo" time="15.973"/>
  <testcase name="runScenario[&quot;Verify Stock Search Functionality&quot;, &quot;Yahoo Finance Stock Search and Validation&quot;](5)" classname="com.yahoo.runners.TestRunnerYahoo" time="36.657">
    <failure message="The following asserts failed:&#10;	Stock price is NOT greater than 200 expected [true] but found [false]" type="java.lang.AssertionError"><![CDATA[java.lang.AssertionError: 
The following asserts failed:
	Stock price is NOT greater than 200 expected [true] but found [false]
	at org.testng.asserts.SoftAssert.assertAll(SoftAssert.java:46)
	at org.testng.asserts.SoftAssert.assertAll(SoftAssert.java:30)
	at com.yahoo.projects.website.yahoo.pages.YahooFinancePage.verifyStockPrice(YahooFinancePage.java:98)
	at com.yahoo.projects.website.yahoo.stepdefinitions.YahooSteps.verify_stock_price(YahooSteps.java:48)
	at ✽.the user verifies the stock price is greater than 200(file:///C:/Users/alagu/IdeaProjects/AutomationFrameworkCucumberTestNG-main/src/test/resources/features/yahoofianance.feature:13)
]]></failure>
    <system-out><![CDATA[
@Yahoo @Tc-001
Scenario Outline: Verify Stock Search Functionality            # src/test/resources/features/yahoofianance.feature:21
[INFO] 10-03-2025 01:15:04 [LogUtils] - Running Scenario Name: Verify Stock Search Functionality
[INFO] 10-03-2025 01:15:04 [LogUtils] - Navigating to Yahoo Finance...
[INFO] 10-03-2025 01:15:33 [LogUtils] - Open website with URL: https://finance.yahoo.com/
[INFO] 10-03-2025 01:15:33 [LogUtils] - Scenario in ScenarioManager: io.cucumber.java.Scenario@42e0f71e

    Embedding openwebsite_10032025_011533 [image/png 630710 bytes]

[INFO] 10-03-2025 01:15:34 [LogUtils] - Verify element visible By.xpath: //input[@id='ybar-sbq']
  Given the user navigates to yahoo                            # com.yahoo.projects.website.yahoo.stepdefinitions.YahooSteps.userNavigatesToYahoo()

    Embedding Screenshot step [image/png 1031895 bytes]

[INFO] 10-03-2025 01:15:34 [LogUtils] - Searching for stock: AMZN
[INFO] 10-03-2025 01:15:34 [LogUtils] - Set text AMZN on By.xpath: //input[@id='ybar-sbq']
[INFO] 10-03-2025 01:15:34 [LogUtils] - Scenario in ScenarioManager: io.cucumber.java.Scenario@42e0f71e

    Embedding settext_10032025_011534 [image/png 1021734 bytes]

[INFO] 10-03-2025 01:15:35 [LogUtils] - Clicked on the element By.xpath: //button[@type='submit']
[INFO] 10-03-2025 01:15:35 [LogUtils] - Scenario in ScenarioManager: io.cucumber.java.Scenario@42e0f71e

    Embedding clickelement_10032025_011535 [image/png 1035529 bytes]

  When the user enters "AMZN" in the search bar                # com.yahoo.projects.website.yahoo.stepdefinitions.YahooSteps.userEntersStockSymbol(java.lang.String)

    Embedding Screenshot step [image/png 975455 bytes]

  Then the user verify the tsla header should appear           # com.yahoo.projects.website.yahoo.stepdefinitions.YahooSteps.verifyTSLAAppears()

    Embedding Screenshot step [image/png 213713 bytes]

[INFO] 10-03-2025 01:15:38 [LogUtils] - Scroll to position X = 0 ; Y = 400
[INFO] 10-03-2025 01:15:38 [LogUtils] - Driver for Screenshot: ChromeDriver: chrome on windows (751d04d0fafe2156488a681c12b706ec)
[INFO] 10-03-2025 01:15:38 [LogUtils] - Screenshot taken: homescreen
[INFO] 10-03-2025 01:15:38 [LogUtils] - Get Current URL: https://finance.yahoo.com/quote/AMZN/
[INFO] 10-03-2025 01:15:38 [LogUtils] - Screenshot taken current URL: https://finance.yahoo.com/quote/AMZN/
  Then the user scroll down                                    # com.yahoo.projects.website.yahoo.stepdefinitions.YahooSteps.user_scrolls_down()

    Embedding Screenshot step [image/png 350626 bytes]

  Then the user verifies the stock page header contains "AMZN" # com.yahoo.projects.website.yahoo.stepdefinitions.YahooSteps.verify_stock_page_header(java.lang.String)

    Embedding Screenshot step [image/png 350626 bytes]

[INFO] 10-03-2025 01:15:39 [LogUtils] - ✅ Actual Stock Price: 199.25
[WARN] 10-03-2025 01:15:39 [LogUtils] - ⚠️ Stock price is less than or equal to 200
  Then the user verifies the stock price is greater than 200   # com.yahoo.projects.website.yahoo.stepdefinitions.YahooSteps.verify_stock_price(int)
      java.lang.AssertionError: The following asserts failed:
      	Stock price is NOT greater than 200 expected [true] but found [false]
      	at org.testng.asserts.SoftAssert.assertAll(SoftAssert.java:46)
      	at org.testng.asserts.SoftAssert.assertAll(SoftAssert.java:30)
      	at com.yahoo.projects.website.yahoo.pages.YahooFinancePage.verifyStockPrice(YahooFinancePage.java:98)
      	at com.yahoo.projects.website.yahoo.stepdefinitions.YahooSteps.verify_stock_price(YahooSteps.java:48)
      	at ✽.the user verifies the stock price is greater than 200(file:///C:/Users/alagu/IdeaProjects/AutomationFrameworkCucumberTestNG-main/src/test/resources/features/yahoofianance.feature:13)

    Embedding Screenshot failed step [image/png 356518 bytes]


    Embedding Screenshot step [image/png 355418 bytes]

  Then the user captures all stock details                     # com.yahoo.projects.website.yahoo.stepdefinitions.YahooSteps.captureAllStockDetails()
]]></system-out>
    <system-err><![CDATA[Mar 10, 2025 1:15:04 AM org.openqa.selenium.devtools.CdpVersionFinder findNearestMatch
WARNING: Unable to find an exact match for CDP version 134, returning the closest version; found: 133; Please update to a Selenium version that supports CDP version 134
]]></system-err>
  </testcase>
  <testcase name="runScenario[&quot;Validate Stock Trend (Up/Down)&quot;, &quot;Yahoo Finance Stock Search and Validation&quot;](6)" classname="com.yahoo.runners.TestRunnerYahoo" time="39.488"/>
  <testcase name="runScenario[&quot;Validate Stock Trend (Up/Down)&quot;, &quot;Yahoo Finance Stock Search and Validation&quot;](7)" classname="com.yahoo.runners.TestRunnerYahoo" time="13.272"/>
  <testcase name="runScenario[&quot;Validate Stock Trend (Up/Down)&quot;, &quot;Yahoo Finance Stock Search and Validation&quot;](8)" classname="com.yahoo.runners.TestRunnerYahoo" time="43.838"/>
  <testcase name="runScenario[&quot;Validate Stock Trend (Up/Down)&quot;, &quot;Yahoo Finance Stock Search and Validation&quot;](9)" classname="com.yahoo.runners.TestRunnerYahoo" time="40.723"/>
  <testcase name="runScenario[&quot;Validate Stock Trend (Up/Down)&quot;, &quot;Yahoo Finance Stock Search and Validation&quot;](10)" classname="com.yahoo.runners.TestRunnerYahoo" time="93.519"/>
  <testcase name="runScenario[&quot;Search for an Invalid Stock Symbol&quot;, &quot;Yahoo Finance Stock Search and Validation&quot;](11)" classname="com.yahoo.runners.TestRunnerYahoo" time="40.846"/>
  <testcase name="runScenario[&quot;Search for an Invalid Stock Symbol&quot;, &quot;Yahoo Finance Stock Search and Validation&quot;](12)" classname="com.yahoo.runners.TestRunnerYahoo" time="68.894">
    <failure message="❌ Error message is NOT displayed! expected [true] but found [false]" type="java.lang.AssertionError"><![CDATA[java.lang.AssertionError: ❌ Error message is NOT displayed! expected [true] but found [false]
	at org.testng.Assert.fail(Assert.java:111)
	at org.testng.Assert.failNotEquals(Assert.java:1590)
	at org.testng.Assert.assertTrue(Assert.java:57)
	at com.yahoo.projects.website.yahoo.stepdefinitions.YahooSteps.verifyErrorMessageDisplayed(YahooSteps.java:75)
	at ✽.the user verifies an error message is displayed(file:///C:/Users/alagu/IdeaProjects/AutomationFrameworkCucumberTestNG-main/src/test/resources/features/yahoofianance.feature:39)
]]></failure>
    <system-out><![CDATA[
@Yahoo @Tc-003
Scenario Outline: Search for an Invalid Stock Symbol             # src/test/resources/features/yahoofianance.feature:44
[INFO] 10-03-2025 01:20:13 [LogUtils] - Running Scenario Name: Search for an Invalid Stock Symbol
[INFO] 10-03-2025 01:20:13 [LogUtils] - Navigating to Yahoo Finance...
[INFO] 10-03-2025 01:21:05 [LogUtils] - Open website with URL: https://finance.yahoo.com/
[INFO] 10-03-2025 01:21:05 [LogUtils] - Scenario in ScenarioManager: io.cucumber.java.Scenario@5accbeae

    Embedding openwebsite_10032025_012105 [image/png 888061 bytes]

[INFO] 10-03-2025 01:21:05 [LogUtils] - Verify element visible By.xpath: //input[@id='ybar-sbq']
  Given the user navigates to yahoo                              # com.yahoo.projects.website.yahoo.stepdefinitions.YahooSteps.userNavigatesToYahoo()

    Embedding Screenshot step [image/png 888061 bytes]

[INFO] 10-03-2025 01:21:05 [LogUtils] - Searching for stock: 7567%&^%
[INFO] 10-03-2025 01:21:06 [LogUtils] - Set text 7567%&^% on By.xpath: //input[@id='ybar-sbq']
[INFO] 10-03-2025 01:21:06 [LogUtils] - Scenario in ScenarioManager: io.cucumber.java.Scenario@5accbeae

    Embedding settext_10032025_012106 [image/png 878975 bytes]

[INFO] 10-03-2025 01:21:09 [LogUtils] - Clicked on the element By.xpath: //button[@type='submit']
[INFO] 10-03-2025 01:21:09 [LogUtils] - Scenario in ScenarioManager: io.cucumber.java.Scenario@5accbeae

    Embedding clickelement_10032025_012109 [image/png 148516 bytes]

  When the user enters "7567%&^%" in the search bar invalid data # com.yahoo.projects.website.yahoo.stepdefinitions.YahooSteps.userEntersinvalidStockSymbol(java.lang.String)

    Embedding Screenshot step [image/png 414094 bytes]

[INFO] 10-03-2025 01:21:20 [LogUtils] - ❌ Element is NOT visible: By.xpath: //p[contains(text(),'No results for')]
  Then the user verifies an error message is displayed           # com.yahoo.projects.website.yahoo.stepdefinitions.YahooSteps.verifyErrorMessageDisplayed()
      java.lang.AssertionError: ❌ Error message is NOT displayed! expected [true] but found [false]
      	at org.testng.Assert.fail(Assert.java:111)
      	at org.testng.Assert.failNotEquals(Assert.java:1590)
      	at org.testng.Assert.assertTrue(Assert.java:57)
      	at com.yahoo.projects.website.yahoo.stepdefinitions.YahooSteps.verifyErrorMessageDisplayed(YahooSteps.java:75)
      	at ✽.the user verifies an error message is displayed(file:///C:/Users/alagu/IdeaProjects/AutomationFrameworkCucumberTestNG-main/src/test/resources/features/yahoofianance.feature:39)

    Embedding Screenshot failed step [image/png 414094 bytes]


    Embedding Screenshot step [image/png 414094 bytes]

]]></system-out>
    <system-err><![CDATA[Mar 10, 2025 1:20:13 AM org.openqa.selenium.devtools.CdpVersionFinder findNearestMatch
WARNING: Unable to find an exact match for CDP version 134, returning the closest version; found: 133; Please update to a Selenium version that supports CDP version 134
]]></system-err>
  </testcase>
  <testcase name="runScenario[&quot;Search for an Invalid Stock Symbol&quot;, &quot;Yahoo Finance Stock Search and Validation&quot;](13)" classname="com.yahoo.runners.TestRunnerYahoo" time="38.523"/>
  <testcase name="runScenario[&quot;Verify if Market is Open or Closed&quot;, &quot;Yahoo Finance Stock Search and Validation&quot;](14)" classname="com.yahoo.runners.TestRunnerYahoo" time="34.691"/>
  <testcase name="runScenario[&quot;Verify if Market is Open or Closed&quot;, &quot;Yahoo Finance Stock Search and Validation&quot;](15)" classname="com.yahoo.runners.TestRunnerYahoo" time="39.143"/>
  <testcase name="runScenario[&quot;Verify if Market is Open or Closed&quot;, &quot;Yahoo Finance Stock Search and Validation&quot;](16)" classname="com.yahoo.runners.TestRunnerYahoo" time="59.892"/>
  <testcase name="runScenario[&quot;Verify if Market is Open or Closed&quot;, &quot;Yahoo Finance Stock Search and Validation&quot;](17)" classname="com.yahoo.runners.TestRunnerYahoo" time="59.587">
    <failure message="❌ Element not exist. (waitForElementPresent) By.xpath: (//div[@slot=&apos;marketTimeNotice&apos;]|//span[contains(text(),&apos;After hours:&apos;)])[2]" type="java.lang.AssertionError"><![CDATA[java.lang.AssertionError: ❌ Element not exist. (waitForElementPresent) By.xpath: (//div[@slot='marketTimeNotice']|//span[contains(text(),'After hours:')])[2]
	at org.testng.Assert.fail(Assert.java:111)
	at com.yahoo.base.WebUI.waitForElementPresent(WebUI.java:3024)
	at com.yahoo.base.WebUI.waitForElementVisible(WebUI.java:2939)
	at com.yahoo.base.WebUI.getTextElement(WebUI.java:2697)
	at com.yahoo.projects.website.yahoo.pages.YahooFinancePage.getMarketStatus(YahooFinancePage.java:142)
	at com.yahoo.projects.website.yahoo.stepdefinitions.YahooSteps.verifyMarketStatus(YahooSteps.java:83)
	at ✽.the user verifies the market status(file:///C:/Users/alagu/IdeaProjects/AutomationFrameworkCucumberTestNG-main/src/test/resources/features/yahoofianance.feature:50)
]]></failure>
    <system-out><![CDATA[
@Yahoo @Tc-004
Scenario Outline: Verify if Market is Open or Closed # src/test/resources/features/yahoofianance.feature:56
[INFO] 10-03-2025 01:24:14 [LogUtils] - Running Scenario Name: Verify if Market is Open or Closed
[INFO] 10-03-2025 01:24:14 [LogUtils] - Navigating to Yahoo Finance...
[INFO] 10-03-2025 01:24:57 [LogUtils] - Open website with URL: https://finance.yahoo.com/
[INFO] 10-03-2025 01:24:57 [LogUtils] - Scenario in ScenarioManager: io.cucumber.java.Scenario@4f488f4c

    Embedding openwebsite_10032025_012457 [image/png 718460 bytes]

[INFO] 10-03-2025 01:24:58 [LogUtils] - Verify element visible By.xpath: //input[@id='ybar-sbq']
  Given the user navigates to yahoo                  # com.yahoo.projects.website.yahoo.stepdefinitions.YahooSteps.userNavigatesToYahoo()

    Embedding Screenshot step [image/png 718460 bytes]

[INFO] 10-03-2025 01:24:58 [LogUtils] - Searching for stock: SNT.WA
[INFO] 10-03-2025 01:24:58 [LogUtils] - Set text SNT.WA on By.xpath: //input[@id='ybar-sbq']
[INFO] 10-03-2025 01:24:58 [LogUtils] - Scenario in ScenarioManager: io.cucumber.java.Scenario@4f488f4c

    Embedding settext_10032025_012458 [image/png 706934 bytes]

[INFO] 10-03-2025 01:24:59 [LogUtils] - Clicked on the element By.xpath: //button[@type='submit']
[INFO] 10-03-2025 01:24:59 [LogUtils] - Scenario in ScenarioManager: io.cucumber.java.Scenario@4f488f4c

    Embedding clickelement_10032025_012459 [image/png 722313 bytes]

  When the user enters "SNT.WA" in the search bar    # com.yahoo.projects.website.yahoo.stepdefinitions.YahooSteps.userEntersStockSymbol(java.lang.String)

    Embedding Screenshot step [image/png 657937 bytes]

[ERROR] 10-03-2025 01:25:12 [LogUtils] - ❌ Element not exist. (waitForElementPresent) By.xpath: (//div[@slot='marketTimeNotice']|//span[contains(text(),'After hours:')])[2]
  Then the user verifies the market status           # com.yahoo.projects.website.yahoo.stepdefinitions.YahooSteps.verifyMarketStatus()
      java.lang.AssertionError: ❌ Element not exist. (waitForElementPresent) By.xpath: (//div[@slot='marketTimeNotice']|//span[contains(text(),'After hours:')])[2]
      	at org.testng.Assert.fail(Assert.java:111)
      	at com.yahoo.base.WebUI.waitForElementPresent(WebUI.java:3024)
      	at com.yahoo.base.WebUI.waitForElementVisible(WebUI.java:2939)
      	at com.yahoo.base.WebUI.getTextElement(WebUI.java:2697)
      	at com.yahoo.projects.website.yahoo.pages.YahooFinancePage.getMarketStatus(YahooFinancePage.java:142)
      	at com.yahoo.projects.website.yahoo.stepdefinitions.YahooSteps.verifyMarketStatus(YahooSteps.java:83)
      	at ✽.the user verifies the market status(file:///C:/Users/alagu/IdeaProjects/AutomationFrameworkCucumberTestNG-main/src/test/resources/features/yahoofianance.feature:50)

    Embedding Screenshot failed step [image/png 434751 bytes]


    Embedding Screenshot step [image/png 434751 bytes]

]]></system-out>
    <system-err><![CDATA[Mar 10, 2025 1:24:14 AM org.openqa.selenium.devtools.CdpVersionFinder findNearestMatch
WARNING: Unable to find an exact match for CDP version 134, returning the closest version; found: 133; Please update to a Selenium version that supports CDP version 134
]]></system-err>
  </testcase>
  <testcase name="runScenario[&quot;Verify if Market is Open or Closed&quot;, &quot;Yahoo Finance Stock Search and Validation&quot;](18)" classname="com.yahoo.runners.TestRunnerYahoo" time="38.894"/>
  <testcase name="runScenario[&quot;Validate Historical Stock Data One day&quot;, &quot;Yahoo Finance Stock Search and Validation&quot;](19)" classname="com.yahoo.runners.TestRunnerYahoo" time="51.825"/>
  <testcase name="runScenario[&quot;Validate Historical Stock Data five day&quot;, &quot;Yahoo Finance Stock Search and Validation&quot;](20)" classname="com.yahoo.runners.TestRunnerYahoo" time="46.256"/>
  <testcase name="runScenario[&quot;Validate Historical Stock Data three months&quot;, &quot;Yahoo Finance Stock Search and Validation&quot;](21)" classname="com.yahoo.runners.TestRunnerYahoo" time="51.03"/>
  <testcase name="runScenario[&quot;Validate Historical Stock Data six months&quot;, &quot;Yahoo Finance Stock Search and Validation&quot;](22)" classname="com.yahoo.runners.TestRunnerYahoo" time="51.321"/>
  <testcase name="runScenario[&quot;Validate Historical Stock Data year data&quot;, &quot;Yahoo Finance Stock Search and Validation&quot;](23)" classname="com.yahoo.runners.TestRunnerYahoo" time="41.218"/>
  <testcase name="runScenario[&quot;Validate Historical Stock Data one year data&quot;, &quot;Yahoo Finance Stock Search and Validation&quot;](24)" classname="com.yahoo.runners.TestRunnerYahoo" time="46.277"/>
  <testcase name="runScenario[&quot;Validate Historical Stock Data five year data&quot;, &quot;Yahoo Finance Stock Search and Validation&quot;](25)" classname="com.yahoo.runners.TestRunnerYahoo" time="79.703"/>
  <testcase name="runScenario[&quot;Validate Historical Stock Data max data&quot;, &quot;Yahoo Finance Stock Search and Validation&quot;](26)" classname="com.yahoo.runners.TestRunnerYahoo" time="366.87"/>
  <testcase name="runScenario[&quot;Validate Historical Stock Data One day&quot;, &quot;Yahoo Finance Stock Search and Validation&quot;](27)" classname="com.yahoo.runners.TestRunnerYahoo" time="42.779"/>
  <testcase name="runScenario[&quot;Validate Historical Stock Data five day&quot;, &quot;Yahoo Finance Stock Search and Validation&quot;](28)" classname="com.yahoo.runners.TestRunnerYahoo" time="44.732"/>
  <testcase name="runScenario[&quot;Validate Historical Stock Data three months&quot;, &quot;Yahoo Finance Stock Search and Validation&quot;](29)" classname="com.yahoo.runners.TestRunnerYahoo" time="44.93"/>
  <testcase name="runScenario[&quot;Validate Historical Stock Data six months&quot;, &quot;Yahoo Finance Stock Search and Validation&quot;](30)" classname="com.yahoo.runners.TestRunnerYahoo" time="45.328"/>
  <testcase name="runScenario[&quot;Validate Historical Stock Data year data&quot;, &quot;Yahoo Finance Stock Search and Validation&quot;](31)" classname="com.yahoo.runners.TestRunnerYahoo" time="44.277"/>
  <testcase name="runScenario[&quot;Validate Historical Stock Data one year data&quot;, &quot;Yahoo Finance Stock Search and Validation&quot;](32)" classname="com.yahoo.runners.TestRunnerYahoo" time="55.925"/>
  <testcase name="runScenario[&quot;Validate Historical Stock Data five year data&quot;, &quot;Yahoo Finance Stock Search and Validation&quot;](33)" classname="com.yahoo.runners.TestRunnerYahoo" time="111.189"/>
  <testcase name="runScenario[&quot;Validate Historical Stock Data max data&quot;, &quot;Yahoo Finance Stock Search and Validation&quot;](34)" classname="com.yahoo.runners.TestRunnerYahoo" time="1331.625">
    <failure message="invalid session id: session deleted as the browser has closed the connection&#10;from disconnected: Unable to receive message from renderer&#10;  (Session info: chrome=134.0.6998.36)&#10;Build info: version: &apos;4.29.0&apos;, revision: &apos;5fc1ec94cb&apos;&#10;System info: os.name: &apos;Windows 11&apos;, os.arch: &apos;amd64&apos;, os.version: &apos;10.0&apos;, java.version: &apos;21.0.1&apos;&#10;Driver info: org.openqa.selenium.chrome.ChromeDriver&#10;Command: [f825afee8b980a6232edc59921eea774, getElementText {id=f.2B12030B860CE1763DAD390836CF0C16.d.E02154C79B630505A5DCA035BBB29BDE.e.827}]&#10;Capabilities {acceptInsecureCerts: false, browserName: chrome, browserVersion: 134.0.6998.36, chrome: {chromedriverVersion: 134.0.6998.35 (ea6ef4c2ac15..., userDataDir: C:\Users\alagu\AppData\Loca...}, fedcm:accounts: true, goog:chromeOptions: {debuggerAddress: localhost:51951}, networkConnectionEnabled: false, pageLoadStrategy: normal, platformName: windows, proxy: Proxy(), se:cdp: ws://localhost:51951/devtoo..., se:cdpVersion: 134.0.6998.36, setWindowRect: true, strictFileInteractability: false, timeouts: {implicit: 0, pageLoad: 300000, script: 30000}, unhandledPromptBehavior: dismiss and notify, webauthn:extension:credBlob: true, webauthn:extension:largeBlob: true, webauthn:extension:minPinLength: true, webauthn:extension:prf: true, webauthn:virtualAuthenticators: true}&#10;Element: [[ChromeDriver: chrome on windows (f825afee8b980a6232edc59921eea774)] -&gt; xpath: //table[contains(@class, &apos;table yf-1jecxey&apos;)]/tbody/tr]&#10;Session ID: f825afee8b980a6232edc59921eea774" type="org.openqa.selenium.NoSuchSessionException"><![CDATA[org.openqa.selenium.NoSuchSessionException: 
invalid session id: session deleted as the browser has closed the connection
from disconnected: Unable to receive message from renderer
  (Session info: chrome=134.0.6998.36)
Build info: version: '4.29.0', revision: '5fc1ec94cb'
System info: os.name: 'Windows 11', os.arch: 'amd64', os.version: '10.0', java.version: '21.0.1'
Driver info: org.openqa.selenium.chrome.ChromeDriver
Command: [f825afee8b980a6232edc59921eea774, getElementText {id=f.2B12030B860CE1763DAD390836CF0C16.d.E02154C79B630505A5DCA035BBB29BDE.e.827}]
Capabilities {acceptInsecureCerts: false, browserName: chrome, browserVersion: 134.0.6998.36, chrome: {chromedriverVersion: 134.0.6998.35 (ea6ef4c2ac15..., userDataDir: C:\Users\alagu\AppData\Loca...}, fedcm:accounts: true, goog:chromeOptions: {debuggerAddress: localhost:51951}, networkConnectionEnabled: false, pageLoadStrategy: normal, platformName: windows, proxy: Proxy(), se:cdp: ws://localhost:51951/devtoo..., se:cdpVersion: 134.0.6998.36, setWindowRect: true, strictFileInteractability: false, timeouts: {implicit: 0, pageLoad: 300000, script: 30000}, unhandledPromptBehavior: dismiss and notify, webauthn:extension:credBlob: true, webauthn:extension:largeBlob: true, webauthn:extension:minPinLength: true, webauthn:extension:prf: true, webauthn:virtualAuthenticators: true}
Element: [[ChromeDriver: chrome on windows (f825afee8b980a6232edc59921eea774)] -> xpath: //table[contains(@class, 'table yf-1jecxey')]/tbody/tr]
Session ID: f825afee8b980a6232edc59921eea774
	at java.base/jdk.internal.reflect.DirectConstructorHandleAccessor.newInstance(DirectConstructorHandleAccessor.java:62)
	at java.base/java.lang.reflect.Constructor.newInstanceWithCaller(Constructor.java:502)
	at java.base/java.lang.reflect.Constructor.newInstance(Constructor.java:486)
	at org.openqa.selenium.remote.ErrorCodec.decode(ErrorCodec.java:167)
	at org.openqa.selenium.remote.codec.w3c.W3CHttpResponseCodec.decode(W3CHttpResponseCodec.java:138)
	at org.openqa.selenium.remote.codec.w3c.W3CHttpResponseCodec.decode(W3CHttpResponseCodec.java:50)
	at org.openqa.selenium.remote.HttpCommandExecutor.execute(HttpCommandExecutor.java:215)
	at org.openqa.selenium.remote.service.DriverCommandExecutor.invokeExecute(DriverCommandExecutor.java:216)
	at org.openqa.selenium.remote.service.DriverCommandExecutor.execute(DriverCommandExecutor.java:174)
	at org.openqa.selenium.remote.RemoteWebDriver.execute(RemoteWebDriver.java:545)
	at org.openqa.selenium.remote.RemoteWebElement.execute(RemoteWebElement.java:223)
	at org.openqa.selenium.remote.RemoteWebElement.getText(RemoteWebElement.java:191)
	at com.yahoo.base.WebUI.getListElementsText(WebUI.java:1272)
	at com.yahoo.projects.website.yahoo.pages.YahooFinancePage.printHistoricalData(YahooFinancePage.java:237)
	at com.yahoo.projects.website.yahoo.stepdefinitions.YahooSteps.user_verifies_data_is_displayed_correctly(YahooSteps.java:97)
	at ✽.the user verifies "MAX" data is displayed correctly(file:///C:/Users/alagu/IdeaProjects/AutomationFrameworkCucumberTestNG-main/src/test/resources/features/yahoofianance.feature:63)
]]></failure>
    <system-out><![CDATA[
@Yahoo @Tc-005
Scenario Outline: Validate Historical Stock Data max data  # src/test/resources/features/yahoofianance.feature:81
[INFO] 10-03-2025 01:44:36 [LogUtils] - Running Scenario Name: Validate Historical Stock Data max data
[INFO] 10-03-2025 01:44:36 [LogUtils] - Navigating to Yahoo Finance...
[INFO] 10-03-2025 01:45:38 [LogUtils] - Open website with URL: https://finance.yahoo.com/
[INFO] 10-03-2025 01:45:38 [LogUtils] - Scenario in ScenarioManager: io.cucumber.java.Scenario@21be0ce3

    Embedding openwebsite_10032025_014538 [image/png 776248 bytes]

[INFO] 10-03-2025 01:45:39 [LogUtils] - Verify element visible By.xpath: //input[@id='ybar-sbq']
  Given the user navigates to yahoo                        # com.yahoo.projects.website.yahoo.stepdefinitions.YahooSteps.userNavigatesToYahoo()

    Embedding Screenshot step [image/png 775144 bytes]

[INFO] 10-03-2025 01:45:39 [LogUtils] - Searching for stock: AAPL
[INFO] 10-03-2025 01:45:40 [LogUtils] - Set text AAPL on By.xpath: //input[@id='ybar-sbq']
[INFO] 10-03-2025 01:45:40 [LogUtils] - Scenario in ScenarioManager: io.cucumber.java.Scenario@21be0ce3

    Embedding settext_10032025_014540 [image/png 764962 bytes]

[INFO] 10-03-2025 01:45:40 [LogUtils] - Clicked on the element By.xpath: //button[@type='submit']
[INFO] 10-03-2025 01:45:40 [LogUtils] - Scenario in ScenarioManager: io.cucumber.java.Scenario@21be0ce3

    Embedding clickelement_10032025_014540 [image/png 779091 bytes]

  When the user enters "AAPL" in the search bar            # com.yahoo.projects.website.yahoo.stepdefinitions.YahooSteps.userEntersStockSymbol(java.lang.String)

    Embedding Screenshot step [image/png 765153 bytes]

[INFO] 10-03-2025 01:45:46 [LogUtils] - Clicked on the element By.xpath: //a[contains(@category, 'history') and text()]
[INFO] 10-03-2025 01:45:46 [LogUtils] - Scenario in ScenarioManager: io.cucumber.java.Scenario@21be0ce3

    Embedding clickelement_10032025_014546 [image/png 691397 bytes]

[INFO] 10-03-2025 01:45:47 [LogUtils] - Scroll to position X = 0 ; Y = 300
  Then the user navigates to historical data section       # com.yahoo.projects.website.yahoo.stepdefinitions.YahooSteps.user_navigates_to_historical_data()

    Embedding Screenshot step [image/png 281226 bytes]

[INFO] 10-03-2025 01:45:48 [LogUtils] - Clicked on the element By.xpath: (//button[contains(@class, 'menuBtn')]/span)[2]
[INFO] 10-03-2025 01:45:48 [LogUtils] - Scenario in ScenarioManager: io.cucumber.java.Scenario@21be0ce3

    Embedding clickelement_10032025_014548 [image/png 289081 bytes]

[INFO] 10-03-2025 01:45:49 [LogUtils] - Clicked on the element By.xpath: //button[@value='MAX']
[INFO] 10-03-2025 01:45:49 [LogUtils] - Scenario in ScenarioManager: io.cucumber.java.Scenario@21be0ce3

    Embedding clickelement_10032025_014549 [image/png 218136 bytes]

[INFO] 10-03-2025 01:46:37 [LogUtils] - Scroll to position X = 0 ; Y = 100
[INFO] 10-03-2025 01:46:37 [LogUtils] - Fetching Historical Stock Data...
[INFO] 10-03-2025 01:46:39 [LogUtils] - Table Headers: [Date Open High Low Close
Adj Close
Volume]
  Then the user verifies "MAX" data is displayed correctly # com.yahoo.projects.website.yahoo.stepdefinitions.YahooSteps.user_verifies_data_is_displayed_correctly(java.lang.String)
      org.openqa.selenium.NoSuchSessionException: invalid session id: session deleted as the browser has closed the connection
      from disconnected: Unable to receive message from renderer
        (Session info: chrome=134.0.6998.36)
      Build info: version: '4.29.0', revision: '5fc1ec94cb'
      System info: os.name: 'Windows 11', os.arch: 'amd64', os.version: '10.0', java.version: '21.0.1'
      Driver info: org.openqa.selenium.chrome.ChromeDriver
      Command: [f825afee8b980a6232edc59921eea774, getElementText {id=f.2B12030B860CE1763DAD390836CF0C16.d.E02154C79B630505A5DCA035BBB29BDE.e.827}]
      Capabilities {acceptInsecureCerts: false, browserName: chrome, browserVersion: 134.0.6998.36, chrome: {chromedriverVersion: 134.0.6998.35 (ea6ef4c2ac15..., userDataDir: C:\Users\alagu\AppData\Loca...}, fedcm:accounts: true, goog:chromeOptions: {debuggerAddress: localhost:51951}, networkConnectionEnabled: false, pageLoadStrategy: normal, platformName: windows, proxy: Proxy(), se:cdp: ws://localhost:51951/devtoo..., se:cdpVersion: 134.0.6998.36, setWindowRect: true, strictFileInteractability: false, timeouts: {implicit: 0, pageLoad: 300000, script: 30000}, unhandledPromptBehavior: dismiss and notify, webauthn:extension:credBlob: true, webauthn:extension:largeBlob: true, webauthn:extension:minPinLength: true, webauthn:extension:prf: true, webauthn:virtualAuthenticators: true}
      Element: [[ChromeDriver: chrome on windows (f825afee8b980a6232edc59921eea774)] -> xpath: //table[contains(@class, 'table yf-1jecxey')]/tbody/tr]
      Session ID: f825afee8b980a6232edc59921eea774
      	at java.base/jdk.internal.reflect.DirectConstructorHandleAccessor.newInstance(DirectConstructorHandleAccessor.java:62)
      	at java.base/java.lang.reflect.Constructor.newInstanceWithCaller(Constructor.java:502)
      	at java.base/java.lang.reflect.Constructor.newInstance(Constructor.java:486)
      	at org.openqa.selenium.remote.ErrorCodec.decode(ErrorCodec.java:167)
      	at org.openqa.selenium.remote.codec.w3c.W3CHttpResponseCodec.decode(W3CHttpResponseCodec.java:138)
      	at org.openqa.selenium.remote.codec.w3c.W3CHttpResponseCodec.decode(W3CHttpResponseCodec.java:50)
      	at org.openqa.selenium.remote.HttpCommandExecutor.execute(HttpCommandExecutor.java:215)
      	at org.openqa.selenium.remote.service.DriverCommandExecutor.invokeExecute(DriverCommandExecutor.java:216)
      	at org.openqa.selenium.remote.service.DriverCommandExecutor.execute(DriverCommandExecutor.java:174)
      	at org.openqa.selenium.remote.RemoteWebDriver.execute(RemoteWebDriver.java:545)
      	at org.openqa.selenium.remote.RemoteWebElement.execute(RemoteWebElement.java:223)
      	at org.openqa.selenium.remote.RemoteWebElement.getText(RemoteWebElement.java:191)
      	at com.yahoo.base.WebUI.getListElementsText(WebUI.java:1272)
      	at com.yahoo.projects.website.yahoo.pages.YahooFinancePage.printHistoricalData(YahooFinancePage.java:237)
      	at com.yahoo.projects.website.yahoo.stepdefinitions.YahooSteps.user_verifies_data_is_displayed_correctly(YahooSteps.java:97)
      	at ✽.the user verifies "MAX" data is displayed correctly(file:///C:/Users/alagu/IdeaProjects/AutomationFrameworkCucumberTestNG-main/src/test/resources/features/yahoofianance.feature:63)
      org.openqa.selenium.NoSuchSessionException: invalid session id
      Build info: version: '4.29.0', revision: '5fc1ec94cb'
      System info: os.name: 'Windows 11', os.arch: 'amd64', os.version: '10.0', java.version: '21.0.1'
      Driver info: org.openqa.selenium.chrome.ChromeDriver
      Command: [f825afee8b980a6232edc59921eea774, executeScript {script=return document.readyState, args=[]}]
      Capabilities {acceptInsecureCerts: false, browserName: chrome, browserVersion: 134.0.6998.36, chrome: {chromedriverVersion: 134.0.6998.35 (ea6ef4c2ac15..., userDataDir: C:\Users\alagu\AppData\Loca...}, fedcm:accounts: true, goog:chromeOptions: {debuggerAddress: localhost:51951}, networkConnectionEnabled: false, pageLoadStrategy: normal, platformName: windows, proxy: Proxy(), se:cdp: ws://localhost:51951/devtoo..., se:cdpVersion: 134.0.6998.36, setWindowRect: true, strictFileInteractability: false, timeouts: {implicit: 0, pageLoad: 300000, script: 30000}, unhandledPromptBehavior: dismiss and notify, webauthn:extension:credBlob: true, webauthn:extension:largeBlob: true, webauthn:extension:minPinLength: true, webauthn:extension:prf: true, webauthn:virtualAuthenticators: true}
      Session ID: f825afee8b980a6232edc59921eea774
      	at java.base/jdk.internal.reflect.DirectConstructorHandleAccessor.newInstance(DirectConstructorHandleAccessor.java:62)
      	at java.base/java.lang.reflect.Constructor.newInstanceWithCaller(Constructor.java:502)
      	at java.base/java.lang.reflect.Constructor.newInstance(Constructor.java:486)
      	at org.openqa.selenium.remote.ErrorCodec.decode(ErrorCodec.java:167)
      	at org.openqa.selenium.remote.codec.w3c.W3CHttpResponseCodec.decode(W3CHttpResponseCodec.java:138)
      	at org.openqa.selenium.remote.codec.w3c.W3CHttpResponseCodec.decode(W3CHttpResponseCodec.java:50)
      	at org.openqa.selenium.remote.HttpCommandExecutor.execute(HttpCommandExecutor.java:215)
      	at org.openqa.selenium.remote.service.DriverCommandExecutor.invokeExecute(DriverCommandExecutor.java:216)
      	at org.openqa.selenium.remote.service.DriverCommandExecutor.execute(DriverCommandExecutor.java:174)
      	at org.openqa.selenium.remote.RemoteWebDriver.execute(RemoteWebDriver.java:545)
      	at org.openqa.selenium.remote.RemoteWebDriver.executeScript(RemoteWebDriver.java:476)
      	at java.base/jdk.internal.reflect.DirectMethodHandleAccessor.invoke(DirectMethodHandleAccessor.java:103)
      	at java.base/java.lang.reflect.Method.invoke(Method.java:580)
      	at org.openqa.selenium.support.ThreadGuard$WebDriverInvocationHandler.invokeUnderlying(ThreadGuard.java:99)
      	at org.openqa.selenium.support.ThreadGuard$WebDriverInvocationHandler.invoke(ThreadGuard.java:91)
      	at jdk.proxy2/jdk.proxy2.$Proxy38.executeScript(Unknown Source)
      	at com.yahoo.base.WebUI.waitForPageLoaded(WebUI.java:3137)
      	at com.yahoo.hooks.Hooks.afterStep(Hooks.java:123)
]]></system-out>
    <system-err><![CDATA[Mar 10, 2025 1:44:36 AM org.openqa.selenium.devtools.CdpVersionFinder findNearestMatch
WARNING: Unable to find an exact match for CDP version 134, returning the closest version; found: 133; Please update to a Selenium version that supports CDP version 134
]]></system-err>
  </testcase>
  <testcase name="runScenario[&quot;Validate Historical Stock Data One day&quot;, &quot;Yahoo Finance Stock Search and Validation&quot;](35)" classname="com.yahoo.runners.TestRunnerYahoo" time="50.709"/>
  <testcase name="runScenario[&quot;Validate Historical Stock Data five day&quot;, &quot;Yahoo Finance Stock Search and Validation&quot;](36)" classname="com.yahoo.runners.TestRunnerYahoo" time="44.285">
    <failure message="❌ The element is NOT visible. By.xpath: //input[@id=&apos;ybar-sbq&apos;]" type="java.lang.AssertionError"><![CDATA[java.lang.AssertionError: ❌ The element is NOT visible. By.xpath: //input[@id='ybar-sbq']
	at org.testng.Assert.fail(Assert.java:111)
	at com.yahoo.base.WebUI.verifyElementVisible(WebUI.java:1959)
	at com.yahoo.projects.website.yahoo.pages.YahooFinancePage.isPageLoaded(YahooFinancePage.java:60)
	at com.yahoo.projects.website.yahoo.stepdefinitions.YahooSteps.userNavigatesToYahoo(YahooSteps.java:22)
	at ✽.the user navigates to yahoo(file:///C:/Users/alagu/IdeaProjects/AutomationFrameworkCucumberTestNG-main/src/test/resources/features/yahoofianance.feature:5)
]]></failure>
    <system-out><![CDATA[
@Yahoo @Tc-005
Scenario Outline: Validate Historical Stock Data five day  # src/test/resources/features/yahoofianance.feature:83
[INFO] 10-03-2025 02:07:39 [LogUtils] - Running Scenario Name: Validate Historical Stock Data five day
[INFO] 10-03-2025 02:07:39 [LogUtils] - Navigating to Yahoo Finance...
[INFO] 10-03-2025 02:08:10 [LogUtils] - Open website with URL: https://finance.yahoo.com/
[INFO] 10-03-2025 02:08:10 [LogUtils] - Scenario in ScenarioManager: io.cucumber.java.Scenario@30c8ab4c

    Embedding openwebsite_10032025_020810 [image/png 140491 bytes]

[INFO] 10-03-2025 02:08:11 [LogUtils] - Verify element visible By.xpath: //input[@id='ybar-sbq']
[INFO] 10-03-2025 02:08:21 [LogUtils] - ❌ The element is NOT visible. By.xpath: //input[@id='ybar-sbq']
  Given the user navigates to yahoo                        # com.yahoo.projects.website.yahoo.stepdefinitions.YahooSteps.userNavigatesToYahoo()
      java.lang.AssertionError: ❌ The element is NOT visible. By.xpath: //input[@id='ybar-sbq']
      	at org.testng.Assert.fail(Assert.java:111)
      	at com.yahoo.base.WebUI.verifyElementVisible(WebUI.java:1959)
      	at com.yahoo.projects.website.yahoo.pages.YahooFinancePage.isPageLoaded(YahooFinancePage.java:60)
      	at com.yahoo.projects.website.yahoo.stepdefinitions.YahooSteps.userNavigatesToYahoo(YahooSteps.java:22)
      	at ✽.the user navigates to yahoo(file:///C:/Users/alagu/IdeaProjects/AutomationFrameworkCucumberTestNG-main/src/test/resources/features/yahoofianance.feature:5)

    Embedding Screenshot failed step [image/png 140491 bytes]


    Embedding Screenshot step [image/png 140491 bytes]

  When the user enters "AMZN" in the search bar            # com.yahoo.projects.website.yahoo.stepdefinitions.YahooSteps.userEntersStockSymbol(java.lang.String)
  Then the user navigates to historical data section       # com.yahoo.projects.website.yahoo.stepdefinitions.YahooSteps.user_navigates_to_historical_data()
  Then the user verifies "5_D" data is displayed correctly # com.yahoo.projects.website.yahoo.stepdefinitions.YahooSteps.user_verifies_data_is_displayed_correctly(java.lang.String)
]]></system-out>
    <system-err><![CDATA[Mar 10, 2025 2:07:39 AM org.openqa.selenium.devtools.CdpVersionFinder findNearestMatch
WARNING: Unable to find an exact match for CDP version 134, returning the closest version; found: 133; Please update to a Selenium version that supports CDP version 134
]]></system-err>
  </testcase>
  <testcase name="runScenario[&quot;Validate Historical Stock Data three months&quot;, &quot;Yahoo Finance Stock Search and Validation&quot;](37)" classname="com.yahoo.runners.TestRunnerYahoo" time="23.749"/>
  <testcase name="runScenario[&quot;Validate Historical Stock Data six months&quot;, &quot;Yahoo Finance Stock Search and Validation&quot;](38)" classname="com.yahoo.runners.TestRunnerYahoo" time="47.124"/>
  <testcase name="runScenario[&quot;Validate Historical Stock Data year data&quot;, &quot;Yahoo Finance Stock Search and Validation&quot;](39)" classname="com.yahoo.runners.TestRunnerYahoo" time="43.038"/>
  <testcase name="runScenario[&quot;Validate Historical Stock Data one year data&quot;, &quot;Yahoo Finance Stock Search and Validation&quot;](40)" classname="com.yahoo.runners.TestRunnerYahoo" time="49.033"/>
  <testcase name="runScenario[&quot;Validate Historical Stock Data five year data&quot;, &quot;Yahoo Finance Stock Search and Validation&quot;](41)" classname="com.yahoo.runners.TestRunnerYahoo" time="87.542"/>
  <testcase name="runScenario[&quot;Validate Historical Stock Data max data&quot;, &quot;Yahoo Finance Stock Search and Validation&quot;](42)" classname="com.yahoo.runners.TestRunnerYahoo" time="11305.855">
    <failure message="invalid session id: session deleted as the browser has closed the connection&#10;from disconnected: Unable to receive message from renderer&#10;  (Session info: chrome=134.0.6998.36)&#10;Build info: version: &apos;4.29.0&apos;, revision: &apos;5fc1ec94cb&apos;&#10;System info: os.name: &apos;Windows 11&apos;, os.arch: &apos;amd64&apos;, os.version: &apos;10.0&apos;, java.version: &apos;21.0.1&apos;&#10;Driver info: org.openqa.selenium.chrome.ChromeDriver&#10;Command: [c40af3b10aeb5eab2a269ca3f71f33f3, getElementText {id=f.71A6679FC22B2539C5548F4FBB6E88BC.d.7C87CDF4B341FB36E782446B3B86C202.e.4561}]&#10;Capabilities {acceptInsecureCerts: false, browserName: chrome, browserVersion: 134.0.6998.36, chrome: {chromedriverVersion: 134.0.6998.35 (ea6ef4c2ac15..., userDataDir: C:\Users\alagu\AppData\Loca...}, fedcm:accounts: true, goog:chromeOptions: {debuggerAddress: localhost:55272}, networkConnectionEnabled: false, pageLoadStrategy: normal, platformName: windows, proxy: Proxy(), se:cdp: ws://localhost:55272/devtoo..., se:cdpVersion: 134.0.6998.36, setWindowRect: true, strictFileInteractability: false, timeouts: {implicit: 0, pageLoad: 300000, script: 30000}, unhandledPromptBehavior: dismiss and notify, webauthn:extension:credBlob: true, webauthn:extension:largeBlob: true, webauthn:extension:minPinLength: true, webauthn:extension:prf: true, webauthn:virtualAuthenticators: true}&#10;Element: [[ChromeDriver: chrome on windows (c40af3b10aeb5eab2a269ca3f71f33f3)] -&gt; xpath: //table[contains(@class, &apos;table yf-1jecxey&apos;)]/tbody/tr]&#10;Session ID: c40af3b10aeb5eab2a269ca3f71f33f3" type="org.openqa.selenium.NoSuchSessionException"><![CDATA[org.openqa.selenium.NoSuchSessionException: 
invalid session id: session deleted as the browser has closed the connection
from disconnected: Unable to receive message from renderer
  (Session info: chrome=134.0.6998.36)
Build info: version: '4.29.0', revision: '5fc1ec94cb'
System info: os.name: 'Windows 11', os.arch: 'amd64', os.version: '10.0', java.version: '21.0.1'
Driver info: org.openqa.selenium.chrome.ChromeDriver
Command: [c40af3b10aeb5eab2a269ca3f71f33f3, getElementText {id=f.71A6679FC22B2539C5548F4FBB6E88BC.d.7C87CDF4B341FB36E782446B3B86C202.e.4561}]
Capabilities {acceptInsecureCerts: false, browserName: chrome, browserVersion: 134.0.6998.36, chrome: {chromedriverVersion: 134.0.6998.35 (ea6ef4c2ac15..., userDataDir: C:\Users\alagu\AppData\Loca...}, fedcm:accounts: true, goog:chromeOptions: {debuggerAddress: localhost:55272}, networkConnectionEnabled: false, pageLoadStrategy: normal, platformName: windows, proxy: Proxy(), se:cdp: ws://localhost:55272/devtoo..., se:cdpVersion: 134.0.6998.36, setWindowRect: true, strictFileInteractability: false, timeouts: {implicit: 0, pageLoad: 300000, script: 30000}, unhandledPromptBehavior: dismiss and notify, webauthn:extension:credBlob: true, webauthn:extension:largeBlob: true, webauthn:extension:minPinLength: true, webauthn:extension:prf: true, webauthn:virtualAuthenticators: true}
Element: [[ChromeDriver: chrome on windows (c40af3b10aeb5eab2a269ca3f71f33f3)] -> xpath: //table[contains(@class, 'table yf-1jecxey')]/tbody/tr]
Session ID: c40af3b10aeb5eab2a269ca3f71f33f3
	at java.base/jdk.internal.reflect.DirectConstructorHandleAccessor.newInstance(DirectConstructorHandleAccessor.java:62)
	at java.base/java.lang.reflect.Constructor.newInstanceWithCaller(Constructor.java:502)
	at java.base/java.lang.reflect.Constructor.newInstance(Constructor.java:486)
	at org.openqa.selenium.remote.ErrorCodec.decode(ErrorCodec.java:167)
	at org.openqa.selenium.remote.codec.w3c.W3CHttpResponseCodec.decode(W3CHttpResponseCodec.java:138)
	at org.openqa.selenium.remote.codec.w3c.W3CHttpResponseCodec.decode(W3CHttpResponseCodec.java:50)
	at org.openqa.selenium.remote.HttpCommandExecutor.execute(HttpCommandExecutor.java:215)
	at org.openqa.selenium.remote.service.DriverCommandExecutor.invokeExecute(DriverCommandExecutor.java:216)
	at org.openqa.selenium.remote.service.DriverCommandExecutor.execute(DriverCommandExecutor.java:174)
	at org.openqa.selenium.remote.RemoteWebDriver.execute(RemoteWebDriver.java:545)
	at org.openqa.selenium.remote.RemoteWebElement.execute(RemoteWebElement.java:223)
	at org.openqa.selenium.remote.RemoteWebElement.getText(RemoteWebElement.java:191)
	at com.yahoo.base.WebUI.getListElementsText(WebUI.java:1272)
	at com.yahoo.projects.website.yahoo.pages.YahooFinancePage.printHistoricalData(YahooFinancePage.java:237)
	at com.yahoo.projects.website.yahoo.stepdefinitions.YahooSteps.user_verifies_data_is_displayed_correctly(YahooSteps.java:97)
	at ✽.the user verifies "MAX" data is displayed correctly(file:///C:/Users/alagu/IdeaProjects/AutomationFrameworkCucumberTestNG-main/src/test/resources/features/yahoofianance.feature:63)
]]></failure>
    <system-out><![CDATA[
@Yahoo @Tc-005
Scenario Outline: Validate Historical Stock Data max data  # src/test/resources/features/yahoofianance.feature:89
[INFO] 10-03-2025 02:12:34 [LogUtils] - Running Scenario Name: Validate Historical Stock Data max data
[INFO] 10-03-2025 02:12:34 [LogUtils] - Navigating to Yahoo Finance...
[INFO] 10-03-2025 02:13:13 [LogUtils] - Open website with URL: https://finance.yahoo.com/
[INFO] 10-03-2025 02:13:13 [LogUtils] - Scenario in ScenarioManager: io.cucumber.java.Scenario@541dd65d

    Embedding openwebsite_10032025_021313 [image/png 660467 bytes]

[INFO] 10-03-2025 02:13:14 [LogUtils] - Verify element visible By.xpath: //input[@id='ybar-sbq']
  Given the user navigates to yahoo                        # com.yahoo.projects.website.yahoo.stepdefinitions.YahooSteps.userNavigatesToYahoo()

    Embedding Screenshot step [image/png 660467 bytes]

[INFO] 10-03-2025 02:13:14 [LogUtils] - Searching for stock: AMZN
[INFO] 10-03-2025 02:13:14 [LogUtils] - Set text AMZN on By.xpath: //input[@id='ybar-sbq']
[INFO] 10-03-2025 02:13:14 [LogUtils] - Scenario in ScenarioManager: io.cucumber.java.Scenario@541dd65d

    Embedding settext_10032025_021314 [image/png 694954 bytes]

[INFO] 10-03-2025 02:13:15 [LogUtils] - Clicked on the element By.xpath: //button[@type='submit']
[INFO] 10-03-2025 02:13:15 [LogUtils] - Scenario in ScenarioManager: io.cucumber.java.Scenario@541dd65d

    Embedding clickelement_10032025_021315 [image/png 704231 bytes]

  When the user enters "AMZN" in the search bar            # com.yahoo.projects.website.yahoo.stepdefinitions.YahooSteps.userEntersStockSymbol(java.lang.String)

    Embedding Screenshot step [image/png 178259 bytes]

[INFO] 10-03-2025 02:13:20 [LogUtils] - Clicked on the element By.xpath: //a[contains(@category, 'history') and text()]
[INFO] 10-03-2025 02:13:20 [LogUtils] - Scenario in ScenarioManager: io.cucumber.java.Scenario@541dd65d

    Embedding clickelement_10032025_021320 [image/png 423562 bytes]

[INFO] 10-03-2025 02:13:22 [LogUtils] - Scroll to position X = 0 ; Y = 300
  Then the user navigates to historical data section       # com.yahoo.projects.website.yahoo.stepdefinitions.YahooSteps.user_navigates_to_historical_data()

    Embedding Screenshot step [image/png 278161 bytes]

[INFO] 10-03-2025 02:13:23 [LogUtils] - Clicked on the element By.xpath: (//button[contains(@class, 'menuBtn')]/span)[2]
[INFO] 10-03-2025 02:13:23 [LogUtils] - Scenario in ScenarioManager: io.cucumber.java.Scenario@541dd65d

    Embedding clickelement_10032025_021323 [image/png 286060 bytes]

[INFO] 10-03-2025 02:13:23 [LogUtils] - Clicked on the element By.xpath: //button[@value='MAX']
[INFO] 10-03-2025 02:13:23 [LogUtils] - Scenario in ScenarioManager: io.cucumber.java.Scenario@541dd65d

    Embedding clickelement_10032025_021323 [image/png 278428 bytes]

[INFO] 10-03-2025 02:13:53 [LogUtils] - Scroll to position X = 0 ; Y = 100
[INFO] 10-03-2025 02:13:53 [LogUtils] - Fetching Historical Stock Data...
[INFO] 10-03-2025 02:13:53 [LogUtils] - Table Headers: [Date Open High Low Close
Adj Close
Volume]
  Then the user verifies "MAX" data is displayed correctly # com.yahoo.projects.website.yahoo.stepdefinitions.YahooSteps.user_verifies_data_is_displayed_correctly(java.lang.String)
      org.openqa.selenium.NoSuchSessionException: invalid session id: session deleted as the browser has closed the connection
      from disconnected: Unable to receive message from renderer
        (Session info: chrome=134.0.6998.36)
      Build info: version: '4.29.0', revision: '5fc1ec94cb'
      System info: os.name: 'Windows 11', os.arch: 'amd64', os.version: '10.0', java.version: '21.0.1'
      Driver info: org.openqa.selenium.chrome.ChromeDriver
      Command: [c40af3b10aeb5eab2a269ca3f71f33f3, getElementText {id=f.71A6679FC22B2539C5548F4FBB6E88BC.d.7C87CDF4B341FB36E782446B3B86C202.e.4561}]
      Capabilities {acceptInsecureCerts: false, browserName: chrome, browserVersion: 134.0.6998.36, chrome: {chromedriverVersion: 134.0.6998.35 (ea6ef4c2ac15..., userDataDir: C:\Users\alagu\AppData\Loca...}, fedcm:accounts: true, goog:chromeOptions: {debuggerAddress: localhost:55272}, networkConnectionEnabled: false, pageLoadStrategy: normal, platformName: windows, proxy: Proxy(), se:cdp: ws://localhost:55272/devtoo..., se:cdpVersion: 134.0.6998.36, setWindowRect: true, strictFileInteractability: false, timeouts: {implicit: 0, pageLoad: 300000, script: 30000}, unhandledPromptBehavior: dismiss and notify, webauthn:extension:credBlob: true, webauthn:extension:largeBlob: true, webauthn:extension:minPinLength: true, webauthn:extension:prf: true, webauthn:virtualAuthenticators: true}
      Element: [[ChromeDriver: chrome on windows (c40af3b10aeb5eab2a269ca3f71f33f3)] -> xpath: //table[contains(@class, 'table yf-1jecxey')]/tbody/tr]
      Session ID: c40af3b10aeb5eab2a269ca3f71f33f3
      	at java.base/jdk.internal.reflect.DirectConstructorHandleAccessor.newInstance(DirectConstructorHandleAccessor.java:62)
      	at java.base/java.lang.reflect.Constructor.newInstanceWithCaller(Constructor.java:502)
      	at java.base/java.lang.reflect.Constructor.newInstance(Constructor.java:486)
      	at org.openqa.selenium.remote.ErrorCodec.decode(ErrorCodec.java:167)
      	at org.openqa.selenium.remote.codec.w3c.W3CHttpResponseCodec.decode(W3CHttpResponseCodec.java:138)
      	at org.openqa.selenium.remote.codec.w3c.W3CHttpResponseCodec.decode(W3CHttpResponseCodec.java:50)
      	at org.openqa.selenium.remote.HttpCommandExecutor.execute(HttpCommandExecutor.java:215)
      	at org.openqa.selenium.remote.service.DriverCommandExecutor.invokeExecute(DriverCommandExecutor.java:216)
      	at org.openqa.selenium.remote.service.DriverCommandExecutor.execute(DriverCommandExecutor.java:174)
      	at org.openqa.selenium.remote.RemoteWebDriver.execute(RemoteWebDriver.java:545)
      	at org.openqa.selenium.remote.RemoteWebElement.execute(RemoteWebElement.java:223)
      	at org.openqa.selenium.remote.RemoteWebElement.getText(RemoteWebElement.java:191)
      	at com.yahoo.base.WebUI.getListElementsText(WebUI.java:1272)
      	at com.yahoo.projects.website.yahoo.pages.YahooFinancePage.printHistoricalData(YahooFinancePage.java:237)
      	at com.yahoo.projects.website.yahoo.stepdefinitions.YahooSteps.user_verifies_data_is_displayed_correctly(YahooSteps.java:97)
      	at ✽.the user verifies "MAX" data is displayed correctly(file:///C:/Users/alagu/IdeaProjects/AutomationFrameworkCucumberTestNG-main/src/test/resources/features/yahoofianance.feature:63)
      org.openqa.selenium.NoSuchSessionException: invalid session id
      Build info: version: '4.29.0', revision: '5fc1ec94cb'
      System info: os.name: 'Windows 11', os.arch: 'amd64', os.version: '10.0', java.version: '21.0.1'
      Driver info: org.openqa.selenium.chrome.ChromeDriver
      Command: [c40af3b10aeb5eab2a269ca3f71f33f3, executeScript {script=return document.readyState, args=[]}]
      Capabilities {acceptInsecureCerts: false, browserName: chrome, browserVersion: 134.0.6998.36, chrome: {chromedriverVersion: 134.0.6998.35 (ea6ef4c2ac15..., userDataDir: C:\Users\alagu\AppData\Loca...}, fedcm:accounts: true, goog:chromeOptions: {debuggerAddress: localhost:55272}, networkConnectionEnabled: false, pageLoadStrategy: normal, platformName: windows, proxy: Proxy(), se:cdp: ws://localhost:55272/devtoo..., se:cdpVersion: 134.0.6998.36, setWindowRect: true, strictFileInteractability: false, timeouts: {implicit: 0, pageLoad: 300000, script: 30000}, unhandledPromptBehavior: dismiss and notify, webauthn:extension:credBlob: true, webauthn:extension:largeBlob: true, webauthn:extension:minPinLength: true, webauthn:extension:prf: true, webauthn:virtualAuthenticators: true}
      Session ID: c40af3b10aeb5eab2a269ca3f71f33f3
      	at java.base/jdk.internal.reflect.DirectConstructorHandleAccessor.newInstance(DirectConstructorHandleAccessor.java:62)
      	at java.base/java.lang.reflect.Constructor.newInstanceWithCaller(Constructor.java:502)
      	at java.base/java.lang.reflect.Constructor.newInstance(Constructor.java:486)
      	at org.openqa.selenium.remote.ErrorCodec.decode(ErrorCodec.java:167)
      	at org.openqa.selenium.remote.codec.w3c.W3CHttpResponseCodec.decode(W3CHttpResponseCodec.java:138)
      	at org.openqa.selenium.remote.codec.w3c.W3CHttpResponseCodec.decode(W3CHttpResponseCodec.java:50)
      	at org.openqa.selenium.remote.HttpCommandExecutor.execute(HttpCommandExecutor.java:215)
      	at org.openqa.selenium.remote.service.DriverCommandExecutor.invokeExecute(DriverCommandExecutor.java:216)
      	at org.openqa.selenium.remote.service.DriverCommandExecutor.execute(DriverCommandExecutor.java:174)
      	at org.openqa.selenium.remote.RemoteWebDriver.execute(RemoteWebDriver.java:545)
      	at org.openqa.selenium.remote.RemoteWebDriver.executeScript(RemoteWebDriver.java:476)
      	at java.base/jdk.internal.reflect.DirectMethodHandleAccessor.invoke(DirectMethodHandleAccessor.java:103)
      	at java.base/java.lang.reflect.Method.invoke(Method.java:580)
      	at org.openqa.selenium.support.ThreadGuard$WebDriverInvocationHandler.invokeUnderlying(ThreadGuard.java:99)
      	at org.openqa.selenium.support.ThreadGuard$WebDriverInvocationHandler.invoke(ThreadGuard.java:91)
      	at jdk.proxy2/jdk.proxy2.$Proxy38.executeScript(Unknown Source)
      	at com.yahoo.base.WebUI.waitForPageLoaded(WebUI.java:3137)
      	at com.yahoo.hooks.Hooks.afterStep(Hooks.java:123)
]]></system-out>
    <system-err><![CDATA[Mar 10, 2025 2:12:34 AM org.openqa.selenium.devtools.CdpVersionFinder findNearestMatch
WARNING: Unable to find an exact match for CDP version 134, returning the closest version; found: 133; Please update to a Selenium version that supports CDP version 134
]]></system-err>
  </testcase>
</testsuite>